{
  "stats": {
    "suites": 6,
    "tests": 10,
    "passes": 10,
    "pending": 0,
    "failures": 0,
    "testsRegistered": 10,
    "passPercent": 100,
    "pendingPercent": 0,
    "other": 0,
    "hasOther": false,
    "skipped": 0,
    "hasSkipped": false,
    "start": "2024-09-06T13:31:15.433Z",
    "end": "2024-09-06T13:32:51.483Z",
    "duration": 96050
  },
  "results": [
    {
      "uuid": "9f8d71da-2750-469c-9c8d-2ee5e7b1034a",
      "title": "",
      "fullFile": "cypress\\e2e\\automation-test-store\\alias-invoke.js",
      "file": "cypress\\e2e\\automation-test-store\\alias-invoke.js",
      "beforeHooks": [],
      "afterHooks": [],
      "tests": [],
      "suites": [
        {
          "uuid": "5d2dbc34-4d73-4620-b003-2d33b125931e",
          "title": "alias and invoke",
          "fullFile": "",
          "file": "",
          "beforeHooks": [],
          "afterHooks": [],
          "tests": [
            {
              "title": "calculate total of normal and sale products",
              "fullTitle": "alias and invoke calculate total of normal and sale products",
              "timedOut": null,
              "duration": 4931,
              "state": "passed",
              "speed": "fast",
              "pass": true,
              "fail": false,
              "pending": false,
              "context": null,
              "code": "cy.visit(\"https://www.automationteststore.com/\");\ncy.get('.thumbnails .thumbnail').find('.oneprice , .pricenew').invoke('text').as('price');\ncy.get('@price').then(price => {\n  cy.log(price);\n});\nlet totalPrice = 0;\ncy.get('.thumbnails .thumbnail').find('.oneprice , .pricenew')\n// .each(($el, index, $list) => {\n.each($el => {\n  cy.log($el.text());\n  totalPrice += Number($el.text().replace('$', ''));\n}).then(() => {\n  cy.log('total price -> ' + totalPrice);\n});",
              "err": {},
              "uuid": "76dec26a-8db4-430f-b4dd-d784f206fd88",
              "parentUUID": "5d2dbc34-4d73-4620-b003-2d33b125931e",
              "isHook": false,
              "skipped": false
            }
          ],
          "suites": [],
          "passes": [
            "76dec26a-8db4-430f-b4dd-d784f206fd88"
          ],
          "failures": [],
          "pending": [],
          "skipped": [],
          "duration": 4931,
          "root": false,
          "rootEmpty": false,
          "_timeout": 2000
        }
      ],
      "passes": [],
      "failures": [],
      "pending": [],
      "skipped": [],
      "duration": 0,
      "root": true,
      "rootEmpty": true,
      "_timeout": 2000
    },
    {
      "uuid": "cea344d6-a9ff-4497-92d6-4271334d764f",
      "title": "",
      "fullFile": "cypress\\e2e\\automation-test-store\\contactus.js",
      "file": "cypress\\e2e\\automation-test-store\\contactus.js",
      "beforeHooks": [],
      "afterHooks": [],
      "tests": [],
      "suites": [
        {
          "uuid": "991ec05e-0ca5-431e-a6c0-3a9bd28af822",
          "title": "Test Contact Us form via Automation Test Store",
          "fullFile": "",
          "file": "",
          "beforeHooks": [],
          "afterHooks": [],
          "tests": [
            {
              "title": "using alias to read data from json file in fixtures folder",
              "fullTitle": "Test Contact Us form via Automation Test Store using alias to read data from json file in fixtures folder",
              "timedOut": null,
              "duration": 9623,
              "state": "passed",
              "speed": "medium",
              "pass": true,
              "fail": false,
              "pending": false,
              "context": null,
              "code": "cy.visit(\"https://www.automationteststore.com/\");\n// cy.get(\"a[href$='contact']\").click();\ncy.get(\"a[href$='contact']\").click().then(function (contactUsLink) {\n  //text() is jquery command, need to use then for non cypres commands\n  //contactUsLink is object passed from previous command '.click()'\n  cy.log('contact us link text: ' + contactUsLink.text());\n});\n//cy.xpath(\"//a[contains(@href, 'contact')]\").click();\ncy.get('@user').then(user => {\n  cy.get('#ContactUsFrm_first_name').type(user.first_name);\n  cy.get('#ContactUsFrm_email').type(user.email);\n});\n//chai jquery assertion\ncy.get('#ContactUsFrm_email').should('have.attr', 'name', 'email');\ncy.get('#ContactUsFrm_enquiry').type(\"Do you provide additional discount on bulk orders?\");\ncy.get(\"button[title='Submit']\").click();\n//chai assertion\ncy.get('.mb40 > :nth-child(3)').should('have.text', 'Your enquiry has been successfully sent to the store owner!');",
              "err": {},
              "uuid": "71d027e3-f80e-46f3-bc41-9aef538e7422",
              "parentUUID": "991ec05e-0ca5-431e-a6c0-3a9bd28af822",
              "isHook": false,
              "skipped": false
            }
          ],
          "suites": [],
          "passes": [
            "71d027e3-f80e-46f3-bc41-9aef538e7422"
          ],
          "failures": [],
          "pending": [],
          "skipped": [],
          "duration": 9623,
          "root": false,
          "rootEmpty": false,
          "_timeout": 2000
        }
      ],
      "passes": [],
      "failures": [],
      "pending": [],
      "skipped": [],
      "duration": 0,
      "root": true,
      "rootEmpty": true,
      "_timeout": 2000
    },
    {
      "uuid": "cca6845b-dddf-4db2-954b-3efe9f116d17",
      "title": "",
      "fullFile": "cypress\\e2e\\automation-test-store\\inspect-item.js",
      "file": "cypress\\e2e\\automation-test-store\\inspect-item.js",
      "beforeHooks": [],
      "afterHooks": [],
      "tests": [],
      "suites": [
        {
          "uuid": "92ae3e26-1eaa-48f7-94e2-7b2c205b2f69",
          "title": "inspect store items using chain of commands",
          "fullFile": "",
          "file": "",
          "beforeHooks": [],
          "afterHooks": [],
          "tests": [
            {
              "title": "click on the first item using index",
              "fullTitle": "inspect store items using chain of commands click on the first item using index",
              "timedOut": null,
              "duration": 5707,
              "state": "passed",
              "speed": "medium",
              "pass": true,
              "fail": false,
              "pending": false,
              "context": null,
              "code": "cy.visit(\"https://www.automationteststore.com/\");\nconst element1 = cy.get('.fixed_wrapper').find('.prdocutname').eq(0).click();\n//element1 is of typeof object\ncy.log('type of ' + typeof element1);\ncy.log('test complete..');",
              "err": {},
              "uuid": "79f474c5-4d97-4f38-a869-8cf065c90438",
              "parentUUID": "92ae3e26-1eaa-48f7-94e2-7b2c205b2f69",
              "isHook": false,
              "skipped": false
            }
          ],
          "suites": [],
          "passes": [
            "79f474c5-4d97-4f38-a869-8cf065c90438"
          ],
          "failures": [],
          "pending": [],
          "skipped": [],
          "duration": 5707,
          "root": false,
          "rootEmpty": false,
          "_timeout": 2000
        }
      ],
      "passes": [],
      "failures": [],
      "pending": [],
      "skipped": [],
      "duration": 0,
      "root": true,
      "rootEmpty": true,
      "_timeout": 2000
    },
    {
      "uuid": "c0cb0335-0f58-46ce-8670-1e1e12656bc8",
      "title": "",
      "fullFile": "cypress\\e2e\\automation-test-store\\iterate-over-elements.js",
      "file": "cypress\\e2e\\automation-test-store\\iterate-over-elements.js",
      "beforeHooks": [],
      "afterHooks": [],
      "tests": [],
      "suites": [
        {
          "uuid": "96461a90-56f3-4327-9b47-4c1c1c0c60ac",
          "title": "iterate over elements",
          "fullFile": "",
          "file": "",
          "beforeHooks": [],
          "afterHooks": [],
          "tests": [
            {
              "title": "lof info of all hair care products",
              "fullTitle": "iterate over elements lof info of all hair care products",
              "timedOut": null,
              "duration": 6441,
              "state": "passed",
              "speed": "medium",
              "pass": true,
              "fail": false,
              "pending": false,
              "context": null,
              "code": "cy.get('.fixed_wrapper .prdocutname').each(($el, index, $list) => {\n  cy.log('Index -> ' + index + ' : ' + $el.text());\n  // // $el is a wrapped jQuery element\n  // if ($el.someMethod() === 'something') {\n  //   // wrap this element so we can\n  //   // use cypress commands on it\n  //   cy.wrap($el).click()\n  // } else {\n  //   // do something else\n  // }\n});",
              "err": {},
              "uuid": "73ef7dea-6b0f-4d34-a004-e1f0065f3d6a",
              "parentUUID": "96461a90-56f3-4327-9b47-4c1c1c0c60ac",
              "isHook": false,
              "skipped": false
            },
            {
              "title": "add specific products to basket",
              "fullTitle": "iterate over elements add specific products to basket",
              "timedOut": null,
              "duration": 6752,
              "state": "passed",
              "speed": "medium",
              "pass": true,
              "fail": false,
              "pending": false,
              "context": null,
              "code": "cy.get('.fixed_wrapper .prdocutname').each(($el, index, $list) => {\n  cy.log('Index -> ' + index + ' : ' + $el.text());\n  if ($el.text().includes('Eau Parfumee au The Vert Shampoo')) {\n    cy.wrap($el).click();\n    //will not work\n    // $el.click()\n  }\n});",
              "err": {},
              "uuid": "1e95cf54-b8ff-4734-bbf1-9938528c4bf6",
              "parentUUID": "96461a90-56f3-4327-9b47-4c1c1c0c60ac",
              "isHook": false,
              "skipped": false
            },
            {
              "title": "use custom commands to add specific products to basket",
              "fullTitle": "iterate over elements use custom commands to add specific products to basket",
              "timedOut": null,
              "duration": 6380,
              "state": "passed",
              "speed": "medium",
              "pass": true,
              "fail": false,
              "pending": false,
              "context": null,
              "code": "cy.selectProduct('Eau Parfumee au The Vert Shampoo');\ncy.get('.bgnone').should('have.text', 'Eau Parfumee au The Vert Shampoo');",
              "err": {},
              "uuid": "da32c7bd-8bde-43aa-906b-6e1a41ff7f9b",
              "parentUUID": "96461a90-56f3-4327-9b47-4c1c1c0c60ac",
              "isHook": false,
              "skipped": false
            },
            {
              "title": "use custom commands to add specific products to basket",
              "fullTitle": "iterate over elements use custom commands to add specific products to basket",
              "timedOut": null,
              "duration": 7121,
              "state": "passed",
              "speed": "medium",
              "pass": true,
              "fail": false,
              "pending": false,
              "context": null,
              "code": "cy.selectProduct('Seaweed Conditioner');\ncy.get('.bgnone').should('have.text', 'Seaweed Conditioner');",
              "err": {},
              "uuid": "45e567d4-4ec1-434f-ac60-deedfcf36e30",
              "parentUUID": "96461a90-56f3-4327-9b47-4c1c1c0c60ac",
              "isHook": false,
              "skipped": false
            }
          ],
          "suites": [],
          "passes": [
            "73ef7dea-6b0f-4d34-a004-e1f0065f3d6a",
            "1e95cf54-b8ff-4734-bbf1-9938528c4bf6",
            "da32c7bd-8bde-43aa-906b-6e1a41ff7f9b",
            "45e567d4-4ec1-434f-ac60-deedfcf36e30"
          ],
          "failures": [],
          "pending": [],
          "skipped": [],
          "duration": 26694,
          "root": false,
          "rootEmpty": false,
          "_timeout": 2000
        }
      ],
      "passes": [],
      "failures": [],
      "pending": [],
      "skipped": [],
      "duration": 0,
      "root": true,
      "rootEmpty": true,
      "_timeout": 2000
    },
    {
      "uuid": "36348d7c-88ff-4459-8a9e-410eb58773ba",
      "title": "",
      "fullFile": "cypress\\e2e\\automation-test-store\\variables-and-cy-commands.js",
      "file": "cypress\\e2e\\automation-test-store\\variables-and-cy-commands.js",
      "beforeHooks": [],
      "afterHooks": [],
      "tests": [],
      "suites": [
        {
          "uuid": "e34860e5-b0b2-4513-acd5-e176fe6592ad",
          "title": "verify variables, cypress commands, jquery commands",
          "fullFile": "",
          "file": "",
          "beforeHooks": [],
          "afterHooks": [],
          "tests": [
            {
              "title": "search field 'First name' in contact us form and check its label",
              "fullTitle": "verify variables, cypress commands, jquery commands search field 'First name' in contact us form and check its label",
              "timedOut": null,
              "duration": 2772,
              "state": "passed",
              "speed": "fast",
              "pass": true,
              "fail": false,
              "pending": false,
              "context": null,
              "code": "cy.visit(\"https://automationteststore.com/index.php?rt=content/contact\");\n//using cypress chaining commands\ncy.contains('#ContactUsFrm', 'Contact Us Form').find('#field_11').should('contain', 'First name:');\n//jquery approach\ncy.contains('#ContactUsFrm', 'Contact Us Form').then(text => {\n  const textFirstName = text.find('#field_11').text();\n  cy.log(textFirstName);\n  expect(textFirstName).to.contain('First name:');\n  expect(textFirstName).to.include('First name:');\n  //embedded commands(closure)\n  cy.get('#field_11').then(firstName => {\n    cy.log(firstName.text());\n    cy.log(firstName);\n  });\n});",
              "err": {},
              "uuid": "73439084-cd2f-4d9f-867f-ac510aac47f1",
              "parentUUID": "e34860e5-b0b2-4513-acd5-e176fe6592ad",
              "isHook": false,
              "skipped": false
            }
          ],
          "suites": [],
          "passes": [
            "73439084-cd2f-4d9f-867f-ac510aac47f1"
          ],
          "failures": [],
          "pending": [],
          "skipped": [],
          "duration": 2772,
          "root": false,
          "rootEmpty": false,
          "_timeout": 2000
        }
      ],
      "passes": [],
      "failures": [],
      "pending": [],
      "skipped": [],
      "duration": 0,
      "root": true,
      "rootEmpty": true,
      "_timeout": 2000
    },
    {
      "uuid": "81442632-a9d5-4a29-b42f-7da9c30eb300",
      "title": "",
      "fullFile": "cypress\\e2e\\automation-test-store\\add-multiple-items-to-basket.js",
      "file": "cypress\\e2e\\automation-test-store\\add-multiple-items-to-basket.js",
      "beforeHooks": [],
      "afterHooks": [],
      "tests": [],
      "suites": [
        {
          "uuid": "bc207bed-84e6-463b-b402-8c2f4318054a",
          "title": "add mulitple items to basket",
          "fullFile": "",
          "file": "",
          "beforeHooks": [],
          "afterHooks": [],
          "tests": [
            {
              "title": "using custom commands to add specific products to basket",
              "fullTitle": "add mulitple items to basket using custom commands to add specific products to basket",
              "timedOut": null,
              "duration": 8251,
              "state": "passed",
              "speed": "medium",
              "pass": true,
              "fail": false,
              "pending": false,
              "context": null,
              "code": "globalThis.data.productName.forEach(function (element) {\n  cy.addProductToBasket(element);\n});\ncy.get('.dropdown-toggle > .label').should('have.text', '3');\ncy.get('.dropdown-toggle > .label').click();\ncy.get('#cart_checkout1').should('be.visible');",
              "err": {},
              "uuid": "164b8e24-00d0-4c0d-94d3-f24eefe1617a",
              "parentUUID": "bc207bed-84e6-463b-b402-8c2f4318054a",
              "isHook": false,
              "skipped": false
            },
            {
              "title": "using page obejct to add specific products to basket",
              "fullTitle": "add mulitple items to basket using page obejct to add specific products to basket",
              "timedOut": null,
              "duration": 9477,
              "state": "passed",
              "speed": "medium",
              "pass": true,
              "fail": false,
              "pending": false,
              "context": null,
              "code": "autoStore_HairCare_PO.addHairCareProductsTOBasket();",
              "err": {},
              "uuid": "5b9f1303-7f32-4a41-ad03-9fb175e647cf",
              "parentUUID": "bc207bed-84e6-463b-b402-8c2f4318054a",
              "isHook": false,
              "skipped": false
            }
          ],
          "suites": [],
          "passes": [
            "164b8e24-00d0-4c0d-94d3-f24eefe1617a",
            "5b9f1303-7f32-4a41-ad03-9fb175e647cf"
          ],
          "failures": [],
          "pending": [],
          "skipped": [],
          "duration": 17728,
          "root": false,
          "rootEmpty": false,
          "_timeout": 2000
        }
      ],
      "passes": [],
      "failures": [],
      "pending": [],
      "skipped": [],
      "duration": 0,
      "root": true,
      "rootEmpty": true,
      "_timeout": 2000
    }
  ],
  "meta": {
    "mocha": {
      "version": "7.0.1"
    },
    "mochawesome": {
      "options": {
        "quiet": false,
        "reportFilename": "mochawesome",
        "saveHtml": false,
        "saveJson": true,
        "consoleReporter": "spec",
        "useInlineDiffs": false,
        "code": true
      },
      "version": "7.1.3"
    },
    "marge": {
      "options": {
        "id": "default",
        "reportDir": "cypress/results/mochawesome",
        "quite": true,
        "overwrite": false,
        "html": false,
        "json": true
      },
      "version": "6.2.0"
    }
  }
}